{"/Users/n1512937/Projects/liberty-ml-home/src/components/alert/alert.tsx": {"path":"/Users/n1512937/Projects/liberty-ml-home/src/components/alert/alert.tsx","statementMap":{"0":{"start":{"line":39,"column":2},"end":{"line":44,"column":9}},"1":{"start":{"line":40,"column":18},"end":{"line":42,"column":12}},"2":{"start":{"line":41,"column":6},"end":{"line":41,"column":22}},"3":{"start":{"line":43,"column":4},"end":{"line":43,"column":37}},"4":{"start":{"line":43,"column":17},"end":{"line":43,"column":36}},"5":{"start":{"line":46,"column":2},"end":{"line":50,"column":3}},"6":{"start":{"line":53,"column":0},"end":{"line":53,"column":27}}},"fnMap":{"0":{"name":"Alert","decl":{"start":{"line":30,"column":16},"end":{"line":30,"column":21}},"loc":{"start":{"line":37,"column":29},"end":{"line":51,"column":1}},"line":37},"1":{"name":"(anonymous_1)","decl":{"start":{"line":39,"column":12},"end":{"line":39,"column":13}},"loc":{"start":{"line":39,"column":18},"end":{"line":44,"column":3}},"line":39},"2":{"name":"(anonymous_2)","decl":{"start":{"line":40,"column":29},"end":{"line":40,"column":30}},"loc":{"start":{"line":40,"column":35},"end":{"line":42,"column":5}},"line":40},"3":{"name":"(anonymous_3)","decl":{"start":{"line":43,"column":11},"end":{"line":43,"column":12}},"loc":{"start":{"line":43,"column":17},"end":{"line":43,"column":36}},"line":43}},"branchMap":{"0":{"loc":{"start":{"line":31,"column":4},"end":{"line":31,"column":20}},"type":"default-arg","locations":[{"start":{"line":31,"column":18},"end":{"line":31,"column":20}}],"line":31}},"s":{"0":1,"1":1,"2":0,"3":1,"4":1,"5":1,"6":2},"f":{"0":1,"1":1,"2":0,"3":1},"b":{"0":[1]},"_coverageSchema":"1a1c01bbd47fc00a2c39e90264f33305004495a9","hash":"2573d5029a4179655d9b47f037a96902976e5f1e"}
,"/Users/n1512937/Projects/liberty-ml-home/src/components/aside/aside.tsx": {"path":"/Users/n1512937/Projects/liberty-ml-home/src/components/aside/aside.tsx","statementMap":{"0":{"start":{"line":26,"column":4},"end":{"line":31,"column":5}},"1":{"start":{"line":35,"column":0},"end":{"line":35,"column":27}}},"fnMap":{"0":{"name":"Aside","decl":{"start":{"line":18,"column":16},"end":{"line":18,"column":21}},"loc":{"start":{"line":24,"column":29},"end":{"line":33,"column":1}},"line":24}},"branchMap":{"0":{"loc":{"start":{"line":19,"column":4},"end":{"line":19,"column":20}},"type":"default-arg","locations":[{"start":{"line":19,"column":18},"end":{"line":19,"column":20}}],"line":19}},"s":{"0":2,"1":2},"f":{"0":2},"b":{"0":[2]},"_coverageSchema":"1a1c01bbd47fc00a2c39e90264f33305004495a9","hash":"57eee2271e919274b2707867adf09a9e0aa52f3b"}
,"/Users/n1512937/Projects/liberty-ml-home/src/components/card/card.tsx": {"path":"/Users/n1512937/Projects/liberty-ml-home/src/components/card/card.tsx","statementMap":{"0":{"start":{"line":28,"column":18},"end":{"line":28,"column":56}},"1":{"start":{"line":30,"column":27},"end":{"line":33,"column":3}},"2":{"start":{"line":31,"column":4},"end":{"line":31,"column":23}},"3":{"start":{"line":32,"column":4},"end":{"line":32,"column":23}},"4":{"start":{"line":35,"column":25},"end":{"line":41,"column":3}},"5":{"start":{"line":36,"column":4},"end":{"line":36,"column":23}},"6":{"start":{"line":37,"column":4},"end":{"line":37,"column":21}},"7":{"start":{"line":38,"column":4},"end":{"line":40,"column":5}},"8":{"start":{"line":39,"column":6},"end":{"line":39,"column":20}},"9":{"start":{"line":43,"column":2},"end":{"line":50,"column":3}},"10":{"start":{"line":53,"column":0},"end":{"line":53,"column":25}}},"fnMap":{"0":{"name":"Card","decl":{"start":{"line":20,"column":16},"end":{"line":20,"column":20}},"loc":{"start":{"line":26,"column":28},"end":{"line":51,"column":1}},"line":26},"1":{"name":"(anonymous_1)","decl":{"start":{"line":30,"column":27},"end":{"line":30,"column":28}},"loc":{"start":{"line":30,"column":52},"end":{"line":33,"column":3}},"line":30},"2":{"name":"(anonymous_2)","decl":{"start":{"line":35,"column":25},"end":{"line":35,"column":26}},"loc":{"start":{"line":35,"column":50},"end":{"line":41,"column":3}},"line":35}},"branchMap":{"0":{"loc":{"start":{"line":21,"column":4},"end":{"line":21,"column":20}},"type":"default-arg","locations":[{"start":{"line":21,"column":18},"end":{"line":21,"column":20}}],"line":21},"1":{"loc":{"start":{"line":38,"column":4},"end":{"line":40,"column":5}},"type":"if","locations":[{"start":{"line":38,"column":4},"end":{"line":40,"column":5}},{"start":{},"end":{}}],"line":38}},"s":{"0":11,"1":11,"2":1,"3":1,"4":11,"5":1,"6":1,"7":1,"8":1,"9":11,"10":3},"f":{"0":11,"1":1,"2":1},"b":{"0":[2],"1":[1,0]},"_coverageSchema":"1a1c01bbd47fc00a2c39e90264f33305004495a9","hash":"1fa368831b3321f9c209258283674c8c0d0549fa"}
,"/Users/n1512937/Projects/liberty-ml-home/src/components/cardList/cardList.tsx": {"path":"/Users/n1512937/Projects/liberty-ml-home/src/components/cardList/cardList.tsx","statementMap":{"0":{"start":{"line":23,"column":28},"end":{"line":25,"column":4}},"1":{"start":{"line":27,"column":26},"end":{"line":34,"column":3}},"2":{"start":{"line":30,"column":6},"end":{"line":33,"column":8}},"3":{"start":{"line":36,"column":18},"end":{"line":36,"column":20}},"4":{"start":{"line":37,"column":17},"end":{"line":37,"column":19}},"5":{"start":{"line":39,"column":3},"end":{"line":52,"column":5}},"6":{"start":{"line":41,"column":5},"end":{"line":45,"column":6}},"7":{"start":{"line":42,"column":7},"end":{"line":42,"column":20}},"8":{"start":{"line":44,"column":7},"end":{"line":44,"column":20}},"9":{"start":{"line":47,"column":5},"end":{"line":51,"column":6}},"10":{"start":{"line":80,"column":4},"end":{"line":89,"column":5}},"11":{"start":{"line":93,"column":0},"end":{"line":93,"column":33}}},"fnMap":{"0":{"name":"CardList","decl":{"start":{"line":18,"column":16},"end":{"line":18,"column":24}},"loc":{"start":{"line":22,"column":32},"end":{"line":91,"column":1}},"line":22},"1":{"name":"(anonymous_1)","decl":{"start":{"line":27,"column":26},"end":{"line":27,"column":27}},"loc":{"start":{"line":29,"column":15},"end":{"line":34,"column":3}},"line":29},"2":{"name":"(anonymous_2)","decl":{"start":{"line":39,"column":20},"end":{"line":39,"column":21}},"loc":{"start":{"line":39,"column":45},"end":{"line":52,"column":4}},"line":39}},"branchMap":{"0":{"loc":{"start":{"line":19,"column":4},"end":{"line":19,"column":20}},"type":"default-arg","locations":[{"start":{"line":19,"column":18},"end":{"line":19,"column":20}}],"line":19},"1":{"loc":{"start":{"line":41,"column":5},"end":{"line":45,"column":6}},"type":"if","locations":[{"start":{"line":41,"column":5},"end":{"line":45,"column":6}},{"start":{"line":43,"column":12},"end":{"line":45,"column":6}}],"line":41}},"s":{"0":1,"1":1,"2":0,"3":1,"4":1,"5":1,"6":9,"7":6,"8":3,"9":9,"10":1,"11":2},"f":{"0":1,"1":0,"2":9},"b":{"0":[1],"1":[6,3]},"_coverageSchema":"1a1c01bbd47fc00a2c39e90264f33305004495a9","hash":"5b01fa7f1ff486ac8f5c54623232c021f7910b8c"}
,"/Users/n1512937/Projects/liberty-ml-home/src/components/carousel/carousel.tsx": {"path":"/Users/n1512937/Projects/liberty-ml-home/src/components/carousel/carousel.tsx","statementMap":{"0":{"start":{"line":31,"column":18},"end":{"line":31,"column":20}},"1":{"start":{"line":34,"column":3},"end":{"line":44,"column":5}},"2":{"start":{"line":35,"column":5},"end":{"line":43,"column":6}},"3":{"start":{"line":68,"column":3},"end":{"line":83,"column":5}},"4":{"start":{"line":86,"column":0},"end":{"line":86,"column":33}}},"fnMap":{"0":{"name":"Carousel","decl":{"start":{"line":22,"column":16},"end":{"line":22,"column":24}},"loc":{"start":{"line":30,"column":32},"end":{"line":84,"column":1}},"line":30},"1":{"name":"(anonymous_1)","decl":{"start":{"line":34,"column":20},"end":{"line":34,"column":21}},"loc":{"start":{"line":34,"column":45},"end":{"line":44,"column":4}},"line":34}},"branchMap":{"0":{"loc":{"start":{"line":28,"column":2},"end":{"line":28,"column":13}},"type":"default-arg","locations":[{"start":{"line":28,"column":9},"end":{"line":28,"column":13}}],"line":28}},"s":{"0":1,"1":1,"2":9,"3":1,"4":2},"f":{"0":1,"1":9},"b":{"0":[1]},"_coverageSchema":"1a1c01bbd47fc00a2c39e90264f33305004495a9","hash":"d40c6709be4fdc8d2493aa51a1e22bfc7e2fd867"}
,"/Users/n1512937/Projects/liberty-ml-home/src/components/checkbox/checkbox.tsx": {"path":"/Users/n1512937/Projects/liberty-ml-home/src/components/checkbox/checkbox.tsx","statementMap":{"0":{"start":{"line":35,"column":28},"end":{"line":37,"column":4}},"1":{"start":{"line":39,"column":13},"end":{"line":39,"column":17}},"2":{"start":{"line":41,"column":19},"end":{"line":47,"column":5}},"3":{"start":{"line":44,"column":8},"end":{"line":46,"column":10}},"4":{"start":{"line":50,"column":6},"end":{"line":52,"column":29}},"5":{"start":{"line":51,"column":8},"end":{"line":51,"column":69}},"6":{"start":{"line":55,"column":4},"end":{"line":63,"column":5}},"7":{"start":{"line":67,"column":0},"end":{"line":67,"column":33}}},"fnMap":{"0":{"name":"Checkbox","decl":{"start":{"line":25,"column":16},"end":{"line":25,"column":24}},"loc":{"start":{"line":34,"column":32},"end":{"line":64,"column":1}},"line":34},"1":{"name":"(anonymous_1)","decl":{"start":{"line":41,"column":19},"end":{"line":41,"column":20}},"loc":{"start":{"line":43,"column":17},"end":{"line":47,"column":5}},"line":43},"2":{"name":"camelize","decl":{"start":{"line":49,"column":13},"end":{"line":49,"column":21}},"loc":{"start":{"line":49,"column":27},"end":{"line":53,"column":5}},"line":49},"3":{"name":"(anonymous_3)","decl":{"start":{"line":50,"column":48},"end":{"line":50,"column":49}},"loc":{"start":{"line":50,"column":70},"end":{"line":52,"column":7}},"line":50}},"branchMap":{"0":{"loc":{"start":{"line":26,"column":4},"end":{"line":26,"column":20}},"type":"default-arg","locations":[{"start":{"line":26,"column":18},"end":{"line":26,"column":20}}],"line":26},"1":{"loc":{"start":{"line":27,"column":4},"end":{"line":27,"column":13}},"type":"default-arg","locations":[{"start":{"line":27,"column":11},"end":{"line":27,"column":13}}],"line":27},"2":{"loc":{"start":{"line":29,"column":4},"end":{"line":29,"column":20}},"type":"default-arg","locations":[{"start":{"line":29,"column":15},"end":{"line":29,"column":20}}],"line":29},"3":{"loc":{"start":{"line":32,"column":4},"end":{"line":32,"column":19}},"type":"default-arg","locations":[{"start":{"line":32,"column":14},"end":{"line":32,"column":19}}],"line":32},"4":{"loc":{"start":{"line":51,"column":15},"end":{"line":51,"column":68}},"type":"cond-expr","locations":[{"start":{"line":51,"column":29},"end":{"line":51,"column":47}},{"start":{"line":51,"column":50},"end":{"line":51,"column":68}}],"line":51}},"s":{"0":3,"1":3,"2":3,"3":1,"4":9,"5":9,"6":3,"7":2},"f":{"0":3,"1":1,"2":9,"3":9},"b":{"0":[3],"1":[3],"2":[3],"3":[1],"4":[9,0]},"_coverageSchema":"1a1c01bbd47fc00a2c39e90264f33305004495a9","hash":"40118dc289b4930bfd38978312598e921b29d62c"}
,"/Users/n1512937/Projects/liberty-ml-home/src/components/checkboxGroup/checkboxGroup.tsx": {"path":"/Users/n1512937/Projects/liberty-ml-home/src/components/checkboxGroup/checkboxGroup.tsx","statementMap":{"0":{"start":{"line":33,"column":4},"end":{"line":38,"column":5}},"1":{"start":{"line":42,"column":0},"end":{"line":42,"column":43}}},"fnMap":{"0":{"name":"CheckboxGroup","decl":{"start":{"line":24,"column":16},"end":{"line":24,"column":29}},"loc":{"start":{"line":32,"column":37},"end":{"line":40,"column":1}},"line":32}},"branchMap":{"0":{"loc":{"start":{"line":25,"column":4},"end":{"line":25,"column":20}},"type":"default-arg","locations":[{"start":{"line":25,"column":18},"end":{"line":25,"column":20}}],"line":25}},"s":{"0":1,"1":2},"f":{"0":1},"b":{"0":[1]},"_coverageSchema":"1a1c01bbd47fc00a2c39e90264f33305004495a9","hash":"fe93c204f1fd2ebd53d6361200139cad7914c1d8"}
,"/Users/n1512937/Projects/liberty-ml-home/src/components/dialog/dialog.tsx": {"path":"/Users/n1512937/Projects/liberty-ml-home/src/components/dialog/dialog.tsx","statementMap":{"0":{"start":{"line":34,"column":26},"end":{"line":34,"column":41}},"1":{"start":{"line":36,"column":22},"end":{"line":36,"column":42}},"2":{"start":{"line":36,"column":28},"end":{"line":36,"column":42}},"3":{"start":{"line":37,"column":21},"end":{"line":37,"column":40}},"4":{"start":{"line":37,"column":27},"end":{"line":37,"column":40}},"5":{"start":{"line":39,"column":2},"end":{"line":60,"column":3}},"6":{"start":{"line":64,"column":0},"end":{"line":64,"column":29}}},"fnMap":{"0":{"name":"Dialog","decl":{"start":{"line":24,"column":16},"end":{"line":24,"column":22}},"loc":{"start":{"line":33,"column":30},"end":{"line":62,"column":1}},"line":33},"1":{"name":"(anonymous_1)","decl":{"start":{"line":36,"column":22},"end":{"line":36,"column":23}},"loc":{"start":{"line":36,"column":28},"end":{"line":36,"column":42}},"line":36},"2":{"name":"(anonymous_2)","decl":{"start":{"line":37,"column":21},"end":{"line":37,"column":22}},"loc":{"start":{"line":37,"column":27},"end":{"line":37,"column":40}},"line":37}},"branchMap":{"0":{"loc":{"start":{"line":25,"column":4},"end":{"line":25,"column":20}},"type":"default-arg","locations":[{"start":{"line":25,"column":18},"end":{"line":25,"column":20}}],"line":25},"1":{"loc":{"start":{"line":32,"column":4},"end":{"line":32,"column":23}},"type":"default-arg","locations":[{"start":{"line":32,"column":14},"end":{"line":32,"column":23}}],"line":32}},"s":{"0":2,"1":2,"2":0,"3":2,"4":1,"5":2,"6":2},"f":{"0":2,"1":0,"2":1},"b":{"0":[2],"1":[2]},"_coverageSchema":"1a1c01bbd47fc00a2c39e90264f33305004495a9","hash":"f68b2024c45cf38711fcd3ed16bdb060e23eaacf"}
,"/Users/n1512937/Projects/liberty-ml-home/src/components/footer/footer.tsx": {"path":"/Users/n1512937/Projects/liberty-ml-home/src/components/footer/footer.tsx","statementMap":{"0":{"start":{"line":23,"column":4},"end":{"line":53,"column":5}},"1":{"start":{"line":41,"column":123},"end":{"line":41,"column":141}},"2":{"start":{"line":57,"column":0},"end":{"line":57,"column":29}}},"fnMap":{"0":{"name":"Footer","decl":{"start":{"line":18,"column":16},"end":{"line":18,"column":22}},"loc":{"start":{"line":21,"column":30},"end":{"line":55,"column":1}},"line":21},"1":{"name":"(anonymous_1)","decl":{"start":{"line":41,"column":112},"end":{"line":41,"column":113}},"loc":{"start":{"line":41,"column":123},"end":{"line":41,"column":141}},"line":41}},"branchMap":{"0":{"loc":{"start":{"line":19,"column":4},"end":{"line":19,"column":20}},"type":"default-arg","locations":[{"start":{"line":19,"column":18},"end":{"line":19,"column":20}}],"line":19}},"s":{"0":1,"1":0,"2":2},"f":{"0":1,"1":0},"b":{"0":[1]},"_coverageSchema":"1a1c01bbd47fc00a2c39e90264f33305004495a9","hash":"547e7d4065594984f8ac8f87b56ff3e4697c0dc9"}
,"/Users/n1512937/Projects/liberty-ml-home/src/components/header/header.tsx": {"path":"/Users/n1512937/Projects/liberty-ml-home/src/components/header/header.tsx","statementMap":{"0":{"start":{"line":25,"column":4},"end":{"line":48,"column":5}},"1":{"start":{"line":52,"column":0},"end":{"line":52,"column":29}}},"fnMap":{"0":{"name":"Header","decl":{"start":{"line":19,"column":16},"end":{"line":19,"column":22}},"loc":{"start":{"line":23,"column":30},"end":{"line":50,"column":1}},"line":23}},"branchMap":{"0":{"loc":{"start":{"line":20,"column":4},"end":{"line":20,"column":20}},"type":"default-arg","locations":[{"start":{"line":20,"column":18},"end":{"line":20,"column":20}}],"line":20}},"s":{"0":1,"1":2},"f":{"0":1},"b":{"0":[1]},"_coverageSchema":"1a1c01bbd47fc00a2c39e90264f33305004495a9","hash":"d3cf0dc7f6074cd9c95a82813168a2e3137e1ec8"}
,"/Users/n1512937/Projects/liberty-ml-home/src/components/loader/loader.tsx": {"path":"/Users/n1512937/Projects/liberty-ml-home/src/components/loader/loader.tsx","statementMap":{"0":{"start":{"line":19,"column":4},"end":{"line":25,"column":5}},"1":{"start":{"line":29,"column":0},"end":{"line":29,"column":29}}},"fnMap":{"0":{"name":"Loader","decl":{"start":{"line":14,"column":16},"end":{"line":14,"column":22}},"loc":{"start":{"line":17,"column":30},"end":{"line":27,"column":1}},"line":17}},"branchMap":{"0":{"loc":{"start":{"line":15,"column":4},"end":{"line":15,"column":20}},"type":"default-arg","locations":[{"start":{"line":15,"column":18},"end":{"line":15,"column":20}}],"line":15}},"s":{"0":1,"1":2},"f":{"0":1},"b":{"0":[1]},"_coverageSchema":"1a1c01bbd47fc00a2c39e90264f33305004495a9","hash":"1a66cad63fafa37d7cfb7c568e22e20cb56c6a0e"}
,"/Users/n1512937/Projects/liberty-ml-home/src/components/logo/logo.tsx": {"path":"/Users/n1512937/Projects/liberty-ml-home/src/components/logo/logo.tsx","statementMap":{"0":{"start":{"line":25,"column":4},"end":{"line":27,"column":5}},"1":{"start":{"line":31,"column":0},"end":{"line":31,"column":25}}},"fnMap":{"0":{"name":"Logo","decl":{"start":{"line":17,"column":16},"end":{"line":17,"column":20}},"loc":{"start":{"line":23,"column":28},"end":{"line":29,"column":1}},"line":23}},"branchMap":{"0":{"loc":{"start":{"line":18,"column":4},"end":{"line":18,"column":20}},"type":"default-arg","locations":[{"start":{"line":18,"column":18},"end":{"line":18,"column":20}}],"line":18},"1":{"loc":{"start":{"line":19,"column":4},"end":{"line":19,"column":23}},"type":"default-arg","locations":[{"start":{"line":19,"column":14},"end":{"line":19,"column":23}}],"line":19},"2":{"loc":{"start":{"line":20,"column":4},"end":{"line":20,"column":20}},"type":"default-arg","locations":[{"start":{"line":20,"column":11},"end":{"line":20,"column":20}}],"line":20}},"s":{"0":3,"1":4},"f":{"0":3},"b":{"0":[3],"1":[2],"2":[3]},"_coverageSchema":"1a1c01bbd47fc00a2c39e90264f33305004495a9","hash":"3ece583fd6a36a5c254e2a915c0474f05ab84237"}
,"/Users/n1512937/Projects/liberty-ml-home/src/components/progress/progress.tsx": {"path":"/Users/n1512937/Projects/liberty-ml-home/src/components/progress/progress.tsx","statementMap":{"0":{"start":{"line":26,"column":4},"end":{"line":38,"column":5}},"1":{"start":{"line":42,"column":0},"end":{"line":42,"column":33}}},"fnMap":{"0":{"name":"Progress","decl":{"start":{"line":18,"column":16},"end":{"line":18,"column":24}},"loc":{"start":{"line":23,"column":32},"end":{"line":40,"column":1}},"line":23}},"branchMap":{"0":{"loc":{"start":{"line":19,"column":4},"end":{"line":19,"column":20}},"type":"default-arg","locations":[{"start":{"line":19,"column":18},"end":{"line":19,"column":20}}],"line":19},"1":{"loc":{"start":{"line":21,"column":4},"end":{"line":21,"column":18}},"type":"default-arg","locations":[{"start":{"line":21,"column":17},"end":{"line":21,"column":18}}],"line":21},"2":{"loc":{"start":{"line":22,"column":4},"end":{"line":22,"column":14}},"type":"default-arg","locations":[{"start":{"line":22,"column":11},"end":{"line":22,"column":14}}],"line":22}},"s":{"0":1,"1":2},"f":{"0":1},"b":{"0":[1],"1":[1],"2":[1]},"_coverageSchema":"1a1c01bbd47fc00a2c39e90264f33305004495a9","hash":"c0efaf92c7cf50dc2f9b0d6438f23e6493fb5f85"}
,"/Users/n1512937/Projects/liberty-ml-home/src/components/search/search.tsx": {"path":"/Users/n1512937/Projects/liberty-ml-home/src/components/search/search.tsx","statementMap":{"0":{"start":{"line":32,"column":30},"end":{"line":32,"column":49}},"1":{"start":{"line":34,"column":4},"end":{"line":40,"column":5}},"2":{"start":{"line":37,"column":56},"end":{"line":37,"column":75}},"3":{"start":{"line":37,"column":91},"end":{"line":37,"column":110}},"4":{"start":{"line":37,"column":162},"end":{"line":37,"column":180}},"5":{"start":{"line":44,"column":0},"end":{"line":44,"column":29}}},"fnMap":{"0":{"name":"Search","decl":{"start":{"line":25,"column":16},"end":{"line":25,"column":22}},"loc":{"start":{"line":30,"column":30},"end":{"line":42,"column":1}},"line":30},"1":{"name":"(anonymous_1)","decl":{"start":{"line":37,"column":50},"end":{"line":37,"column":51}},"loc":{"start":{"line":37,"column":56},"end":{"line":37,"column":75}},"line":37},"2":{"name":"(anonymous_2)","decl":{"start":{"line":37,"column":85},"end":{"line":37,"column":86}},"loc":{"start":{"line":37,"column":91},"end":{"line":37,"column":110}},"line":37},"3":{"name":"(anonymous_3)","decl":{"start":{"line":37,"column":155},"end":{"line":37,"column":156}},"loc":{"start":{"line":37,"column":162},"end":{"line":37,"column":180}},"line":37}},"branchMap":{"0":{"loc":{"start":{"line":26,"column":4},"end":{"line":26,"column":20}},"type":"default-arg","locations":[{"start":{"line":26,"column":18},"end":{"line":26,"column":20}}],"line":26},"1":{"loc":{"start":{"line":28,"column":4},"end":{"line":28,"column":23}},"type":"default-arg","locations":[{"start":{"line":28,"column":14},"end":{"line":28,"column":23}}],"line":28}},"s":{"0":2,"1":2,"2":0,"3":0,"4":0,"5":3},"f":{"0":2,"1":0,"2":0,"3":0},"b":{"0":[2],"1":[2]},"_coverageSchema":"1a1c01bbd47fc00a2c39e90264f33305004495a9","hash":"5a5551eff984cdb6f012b60e6e58057ab4666a40"}
,"/Users/n1512937/Projects/liberty-ml-home/src/components/select/select.tsx": {"path":"/Users/n1512937/Projects/liberty-ml-home/src/components/select/select.tsx","statementMap":{"0":{"start":{"line":6,"column":22},"end":{"line":24,"column":1}},"1":{"start":{"line":9,"column":20},"end":{"line":9,"column":22}},"2":{"start":{"line":11,"column":2},"end":{"line":13,"column":4}},"3":{"start":{"line":12,"column":4},"end":{"line":12,"column":76}},"4":{"start":{"line":15,"column":2},"end":{"line":23,"column":3}},"5":{"start":{"line":26,"column":0},"end":{"line":26,"column":29}}},"fnMap":{"0":{"name":"(anonymous_0)","decl":{"start":{"line":6,"column":22},"end":{"line":6,"column":23}},"loc":{"start":{"line":7,"column":84},"end":{"line":24,"column":1}},"line":7},"1":{"name":"(anonymous_1)","decl":{"start":{"line":11,"column":24},"end":{"line":11,"column":25}},"loc":{"start":{"line":11,"column":49},"end":{"line":13,"column":3}},"line":11}},"branchMap":{},"s":{"0":2,"1":1,"2":1,"3":3,"4":1,"5":2},"f":{"0":1,"1":3},"b":{},"_coverageSchema":"1a1c01bbd47fc00a2c39e90264f33305004495a9","hash":"9c044245abb2eabff3ddf53ff14a3d3288f048c6"}
,"/Users/n1512937/Projects/liberty-ml-home/src/components/slider/slider.tsx": {"path":"/Users/n1512937/Projects/liberty-ml-home/src/components/slider/slider.tsx","statementMap":{"0":{"start":{"line":45,"column":20},"end":{"line":45,"column":32}},"1":{"start":{"line":47,"column":2},"end":{"line":50,"column":9}},"2":{"start":{"line":48,"column":19},"end":{"line":48,"column":51}},"3":{"start":{"line":49,"column":4},"end":{"line":49,"column":21}},"4":{"start":{"line":52,"column":2},"end":{"line":65,"column":3}},"5":{"start":{"line":54,"column":171},"end":{"line":54,"column":189}},"6":{"start":{"line":68,"column":0},"end":{"line":68,"column":29}}},"fnMap":{"0":{"name":"Slider","decl":{"start":{"line":33,"column":16},"end":{"line":33,"column":22}},"loc":{"start":{"line":44,"column":30},"end":{"line":66,"column":1}},"line":44},"1":{"name":"(anonymous_1)","decl":{"start":{"line":47,"column":12},"end":{"line":47,"column":13}},"loc":{"start":{"line":47,"column":18},"end":{"line":50,"column":3}},"line":47},"2":{"name":"(anonymous_2)","decl":{"start":{"line":54,"column":164},"end":{"line":54,"column":165}},"loc":{"start":{"line":54,"column":171},"end":{"line":54,"column":189}},"line":54}},"branchMap":{"0":{"loc":{"start":{"line":34,"column":4},"end":{"line":34,"column":20}},"type":"default-arg","locations":[{"start":{"line":34,"column":18},"end":{"line":34,"column":20}}],"line":34},"1":{"loc":{"start":{"line":37,"column":4},"end":{"line":37,"column":23}},"type":"default-arg","locations":[{"start":{"line":37,"column":14},"end":{"line":37,"column":23}}],"line":37},"2":{"loc":{"start":{"line":38,"column":4},"end":{"line":38,"column":20}},"type":"default-arg","locations":[{"start":{"line":38,"column":15},"end":{"line":38,"column":20}}],"line":38},"3":{"loc":{"start":{"line":39,"column":4},"end":{"line":39,"column":20}},"type":"default-arg","locations":[{"start":{"line":39,"column":11},"end":{"line":39,"column":20}}],"line":39},"4":{"loc":{"start":{"line":40,"column":4},"end":{"line":40,"column":11}},"type":"default-arg","locations":[{"start":{"line":40,"column":10},"end":{"line":40,"column":11}}],"line":40},"5":{"loc":{"start":{"line":41,"column":4},"end":{"line":41,"column":13}},"type":"default-arg","locations":[{"start":{"line":41,"column":10},"end":{"line":41,"column":13}}],"line":41}},"s":{"0":1,"1":1,"2":1,"3":1,"4":1,"5":0,"6":2},"f":{"0":1,"1":1,"2":0},"b":{"0":[1],"1":[1],"2":[1],"3":[1],"4":[1],"5":[1]},"_coverageSchema":"1a1c01bbd47fc00a2c39e90264f33305004495a9","hash":"4cbc31c4a9a26906b8b44666889279a28eb53b2b"}
,"/Users/n1512937/Projects/liberty-ml-home/src/components/staticImg/staticImg.tsx": {"path":"/Users/n1512937/Projects/liberty-ml-home/src/components/staticImg/staticImg.tsx","statementMap":{"0":{"start":{"line":27,"column":2},"end":{"line":27,"column":73}},"1":{"start":{"line":30,"column":0},"end":{"line":30,"column":35}}},"fnMap":{"0":{"name":"StaticImg","decl":{"start":{"line":19,"column":16},"end":{"line":19,"column":25}},"loc":{"start":{"line":25,"column":33},"end":{"line":28,"column":1}},"line":25}},"branchMap":{},"s":{"0":0,"1":2},"f":{"0":0},"b":{},"_coverageSchema":"1a1c01bbd47fc00a2c39e90264f33305004495a9","hash":"666c1068e401189b6aca5fe499a613079115c59e"}
,"/Users/n1512937/Projects/liberty-ml-home/src/components/svrnButton/svrnButton.tsx": {"path":"/Users/n1512937/Projects/liberty-ml-home/src/components/svrnButton/svrnButton.tsx","statementMap":{"0":{"start":{"line":36,"column":2},"end":{"line":40,"column":3}}},"fnMap":{"0":{"name":"SvrnButton","decl":{"start":{"line":26,"column":16},"end":{"line":26,"column":26}},"loc":{"start":{"line":35,"column":34},"end":{"line":41,"column":1}},"line":35}},"branchMap":{"0":{"loc":{"start":{"line":27,"column":4},"end":{"line":27,"column":20}},"type":"default-arg","locations":[{"start":{"line":27,"column":18},"end":{"line":27,"column":20}}],"line":27},"1":{"loc":{"start":{"line":29,"column":4},"end":{"line":29,"column":25}},"type":"default-arg","locations":[{"start":{"line":29,"column":14},"end":{"line":29,"column":25}}],"line":29},"2":{"loc":{"start":{"line":31,"column":4},"end":{"line":31,"column":23}},"type":"default-arg","locations":[{"start":{"line":31,"column":14},"end":{"line":31,"column":23}}],"line":31},"3":{"loc":{"start":{"line":32,"column":4},"end":{"line":32,"column":20}},"type":"default-arg","locations":[{"start":{"line":32,"column":15},"end":{"line":32,"column":20}}],"line":32},"4":{"loc":{"start":{"line":33,"column":4},"end":{"line":33,"column":20}},"type":"default-arg","locations":[{"start":{"line":33,"column":11},"end":{"line":33,"column":20}}],"line":33}},"s":{"0":10},"f":{"0":10},"b":{"0":[10],"1":[10],"2":[4],"3":[8],"4":[6]},"_coverageSchema":"1a1c01bbd47fc00a2c39e90264f33305004495a9","hash":"875cbe91a68c0da65dde1dcef38dd87951ae5f60"}
,"/Users/n1512937/Projects/liberty-ml-home/src/components/swatch/swatch.tsx": {"path":"/Users/n1512937/Projects/liberty-ml-home/src/components/swatch/swatch.tsx","statementMap":{"0":{"start":{"line":23,"column":19},"end":{"line":31,"column":4}},"1":{"start":{"line":33,"column":4},"end":{"line":37,"column":5}},"2":{"start":{"line":40,"column":0},"end":{"line":40,"column":29}}},"fnMap":{"0":{"name":"Swatch","decl":{"start":{"line":17,"column":16},"end":{"line":17,"column":22}},"loc":{"start":{"line":21,"column":30},"end":{"line":38,"column":1}},"line":21}},"branchMap":{"0":{"loc":{"start":{"line":18,"column":4},"end":{"line":18,"column":20}},"type":"default-arg","locations":[{"start":{"line":18,"column":18},"end":{"line":18,"column":20}}],"line":18}},"s":{"0":1,"1":1,"2":2},"f":{"0":1},"b":{"0":[1]},"_coverageSchema":"1a1c01bbd47fc00a2c39e90264f33305004495a9","hash":"8451928aca7f67d788472e02960387b83340a71a"}
,"/Users/n1512937/Projects/liberty-ml-home/src/components/switch/switch.tsx": {"path":"/Users/n1512937/Projects/liberty-ml-home/src/components/switch/switch.tsx","statementMap":{"0":{"start":{"line":30,"column":4},"end":{"line":37,"column":5}},"1":{"start":{"line":34,"column":142},"end":{"line":34,"column":160}},"2":{"start":{"line":41,"column":0},"end":{"line":41,"column":29}}},"fnMap":{"0":{"name":"Switch","decl":{"start":{"line":21,"column":16},"end":{"line":21,"column":22}},"loc":{"start":{"line":28,"column":30},"end":{"line":39,"column":1}},"line":28},"1":{"name":"(anonymous_1)","decl":{"start":{"line":34,"column":135},"end":{"line":34,"column":136}},"loc":{"start":{"line":34,"column":142},"end":{"line":34,"column":160}},"line":34}},"branchMap":{"0":{"loc":{"start":{"line":22,"column":4},"end":{"line":22,"column":20}},"type":"default-arg","locations":[{"start":{"line":22,"column":18},"end":{"line":22,"column":20}}],"line":22},"1":{"loc":{"start":{"line":24,"column":4},"end":{"line":24,"column":20}},"type":"default-arg","locations":[{"start":{"line":24,"column":15},"end":{"line":24,"column":20}}],"line":24},"2":{"loc":{"start":{"line":25,"column":4},"end":{"line":25,"column":19}},"type":"default-arg","locations":[{"start":{"line":25,"column":14},"end":{"line":25,"column":19}}],"line":25}},"s":{"0":1,"1":0,"2":2},"f":{"0":1,"1":0},"b":{"0":[1],"1":[1],"2":[1]},"_coverageSchema":"1a1c01bbd47fc00a2c39e90264f33305004495a9","hash":"3b3084dabd3e2e8253d3c20eb3f44bbd5a6c2eda"}
,"/Users/n1512937/Projects/liberty-ml-home/src/components/textInput/textInput.tsx": {"path":"/Users/n1512937/Projects/liberty-ml-home/src/components/textInput/textInput.tsx","statementMap":{"0":{"start":{"line":6,"column":25},"end":{"line":14,"column":1}},"1":{"start":{"line":8,"column":2},"end":{"line":13,"column":3}},"2":{"start":{"line":10,"column":129},"end":{"line":10,"column":159}},"3":{"start":{"line":16,"column":0},"end":{"line":16,"column":35}}},"fnMap":{"0":{"name":"(anonymous_0)","decl":{"start":{"line":6,"column":25},"end":{"line":6,"column":26}},"loc":{"start":{"line":7,"column":84},"end":{"line":14,"column":1}},"line":7},"1":{"name":"(anonymous_1)","decl":{"start":{"line":10,"column":122},"end":{"line":10,"column":123}},"loc":{"start":{"line":10,"column":129},"end":{"line":10,"column":159}},"line":10}},"branchMap":{},"s":{"0":3,"1":2,"2":0,"3":3},"f":{"0":2,"1":0},"b":{},"_coverageSchema":"1a1c01bbd47fc00a2c39e90264f33305004495a9","hash":"6d4b9b30ef301dea8ab3e4cf21637f7f7081eabd"}
,"/Users/n1512937/Projects/liberty-ml-home/src/components/tooltip/tooltip.tsx": {"path":"/Users/n1512937/Projects/liberty-ml-home/src/components/tooltip/tooltip.tsx","statementMap":{"0":{"start":{"line":24,"column":4},"end":{"line":33,"column":5}},"1":{"start":{"line":37,"column":0},"end":{"line":37,"column":31}}},"fnMap":{"0":{"name":"Tooltip","decl":{"start":{"line":17,"column":16},"end":{"line":17,"column":23}},"loc":{"start":{"line":22,"column":31},"end":{"line":35,"column":1}},"line":22}},"branchMap":{"0":{"loc":{"start":{"line":18,"column":4},"end":{"line":18,"column":20}},"type":"default-arg","locations":[{"start":{"line":18,"column":18},"end":{"line":18,"column":20}}],"line":18},"1":{"loc":{"start":{"line":19,"column":4},"end":{"line":19,"column":23}},"type":"default-arg","locations":[{"start":{"line":19,"column":14},"end":{"line":19,"column":23}}],"line":19}},"s":{"0":1,"1":2},"f":{"0":1},"b":{"0":[1],"1":[1]},"_coverageSchema":"1a1c01bbd47fc00a2c39e90264f33305004495a9","hash":"a6719eb29868f150d30851e4f8efca7570758d65"}
,"/Users/n1512937/Projects/liberty-ml-home/src/components/video/video.tsx": {"path":"/Users/n1512937/Projects/liberty-ml-home/src/components/video/video.tsx","statementMap":{"0":{"start":{"line":22,"column":2},"end":{"line":26,"column":3}},"1":{"start":{"line":29,"column":0},"end":{"line":29,"column":27}}},"fnMap":{"0":{"name":"Video","decl":{"start":{"line":16,"column":16},"end":{"line":16,"column":21}},"loc":{"start":{"line":20,"column":29},"end":{"line":27,"column":1}},"line":20}},"branchMap":{},"s":{"0":0,"1":1},"f":{"0":0},"b":{},"_coverageSchema":"1a1c01bbd47fc00a2c39e90264f33305004495a9","hash":"de3ff0294b8ce9805e6390ccdda42830b8dd606f"}
,"/Users/n1512937/Projects/liberty-ml-home/src/pages/styleguide.js": {"path":"/Users/n1512937/Projects/liberty-ml-home/src/pages/styleguide.js","statementMap":{"0":{"start":{"line":36,"column":26},"end":{"line":36,"column":40}},"1":{"start":{"line":37,"column":32},"end":{"line":37,"column":47}},"2":{"start":{"line":38,"column":36},"end":{"line":38,"column":50}},"3":{"start":{"line":39,"column":42},"end":{"line":39,"column":56}},"4":{"start":{"line":42,"column":2},"end":{"line":71,"column":9}},"5":{"start":{"line":43,"column":4},"end":{"line":70,"column":9}},"6":{"start":{"line":63,"column":26},"end":{"line":63,"column":41}},"7":{"start":{"line":65,"column":8},"end":{"line":67,"column":9}},"8":{"start":{"line":66,"column":10},"end":{"line":66,"column":32}},"9":{"start":{"line":69,"column":8},"end":{"line":69,"column":33}},"10":{"start":{"line":73,"column":2},"end":{"line":75,"column":3}},"11":{"start":{"line":74,"column":4},"end":{"line":74,"column":24}},"12":{"start":{"line":77,"column":19},"end":{"line":79,"column":3}},"13":{"start":{"line":81,"column":22},"end":{"line":83,"column":3}},"14":{"start":{"line":85,"column":20},"end":{"line":95,"column":3}},"15":{"start":{"line":97,"column":2},"end":{"line":600,"column":3}},"16":{"start":{"line":100,"column":88},"end":{"line":100,"column":102}},"17":{"start":{"line":307,"column":112},"end":{"line":307,"column":130}},"18":{"start":{"line":326,"column":63},"end":{"line":326,"column":81}},"19":{"start":{"line":327,"column":63},"end":{"line":327,"column":81}},"20":{"start":{"line":347,"column":76},"end":{"line":347,"column":94}},"21":{"start":{"line":348,"column":77},"end":{"line":348,"column":95}},"22":{"start":{"line":349,"column":77},"end":{"line":349,"column":95}},"23":{"start":{"line":455,"column":69},"end":{"line":455,"column":84}},"24":{"start":{"line":455,"column":85},"end":{"line":455,"column":109}},"25":{"start":{"line":455,"column":110},"end":{"line":455,"column":156}},"26":{"start":{"line":460,"column":69},"end":{"line":460,"column":84}},"27":{"start":{"line":460,"column":85},"end":{"line":460,"column":108}},"28":{"start":{"line":460,"column":109},"end":{"line":460,"column":158}},"29":{"start":{"line":465,"column":69},"end":{"line":465,"column":84}},"30":{"start":{"line":465,"column":85},"end":{"line":465,"column":109}},"31":{"start":{"line":465,"column":110},"end":{"line":465,"column":159}}},"fnMap":{"0":{"name":"Styleguide","decl":{"start":{"line":35,"column":24},"end":{"line":35,"column":34}},"loc":{"start":{"line":35,"column":37},"end":{"line":601,"column":1}},"line":35},"1":{"name":"(anonymous_1)","decl":{"start":{"line":42,"column":12},"end":{"line":42,"column":13}},"loc":{"start":{"line":42,"column":18},"end":{"line":71,"column":3}},"line":42},"2":{"name":"(anonymous_2)","decl":{"start":{"line":63,"column":12},"end":{"line":63,"column":13}},"loc":{"start":{"line":63,"column":26},"end":{"line":63,"column":41}},"line":63},"3":{"name":"(anonymous_3)","decl":{"start":{"line":64,"column":12},"end":{"line":64,"column":13}},"loc":{"start":{"line":64,"column":34},"end":{"line":70,"column":7}},"line":64},"4":{"name":"(anonymous_4)","decl":{"start":{"line":100,"column":78},"end":{"line":100,"column":79}},"loc":{"start":{"line":100,"column":88},"end":{"line":100,"column":102}},"line":100},"5":{"name":"(anonymous_5)","decl":{"start":{"line":307,"column":101},"end":{"line":307,"column":102}},"loc":{"start":{"line":307,"column":112},"end":{"line":307,"column":130}},"line":307},"6":{"name":"(anonymous_6)","decl":{"start":{"line":326,"column":52},"end":{"line":326,"column":53}},"loc":{"start":{"line":326,"column":63},"end":{"line":326,"column":81}},"line":326},"7":{"name":"(anonymous_7)","decl":{"start":{"line":327,"column":52},"end":{"line":327,"column":53}},"loc":{"start":{"line":327,"column":63},"end":{"line":327,"column":81}},"line":327},"8":{"name":"(anonymous_8)","decl":{"start":{"line":347,"column":65},"end":{"line":347,"column":66}},"loc":{"start":{"line":347,"column":76},"end":{"line":347,"column":94}},"line":347},"9":{"name":"(anonymous_9)","decl":{"start":{"line":348,"column":66},"end":{"line":348,"column":67}},"loc":{"start":{"line":348,"column":77},"end":{"line":348,"column":95}},"line":348},"10":{"name":"(anonymous_10)","decl":{"start":{"line":349,"column":66},"end":{"line":349,"column":67}},"loc":{"start":{"line":349,"column":77},"end":{"line":349,"column":95}},"line":349},"11":{"name":"(anonymous_11)","decl":{"start":{"line":455,"column":52},"end":{"line":455,"column":53}},"loc":{"start":{"line":455,"column":67},"end":{"line":455,"column":157}},"line":455},"12":{"name":"(anonymous_12)","decl":{"start":{"line":460,"column":52},"end":{"line":460,"column":53}},"loc":{"start":{"line":460,"column":67},"end":{"line":460,"column":159}},"line":460},"13":{"name":"(anonymous_13)","decl":{"start":{"line":465,"column":52},"end":{"line":465,"column":53}},"loc":{"start":{"line":465,"column":67},"end":{"line":465,"column":160}},"line":465}},"branchMap":{"0":{"loc":{"start":{"line":65,"column":8},"end":{"line":67,"column":9}},"type":"if","locations":[{"start":{"line":65,"column":8},"end":{"line":67,"column":9}},{"start":{},"end":{}}],"line":65},"1":{"loc":{"start":{"line":73,"column":2},"end":{"line":75,"column":3}},"type":"if","locations":[{"start":{"line":73,"column":2},"end":{"line":75,"column":3}},{"start":{},"end":{}}],"line":73},"2":{"loc":{"start":{"line":99,"column":7},"end":{"line":100,"column":106}},"type":"binary-expr","locations":[{"start":{"line":99,"column":7},"end":{"line":99,"column":16}},{"start":{"line":100,"column":8},"end":{"line":100,"column":106}}],"line":99}},"s":{"0":0,"1":0,"2":0,"3":0,"4":0,"5":0,"6":0,"7":0,"8":0,"9":0,"10":0,"11":0,"12":0,"13":0,"14":0,"15":0,"16":0,"17":0,"18":0,"19":0,"20":0,"21":0,"22":0,"23":0,"24":0,"25":0,"26":0,"27":0,"28":0,"29":0,"30":0,"31":0},"f":{"0":0,"1":0,"2":0,"3":0,"4":0,"5":0,"6":0,"7":0,"8":0,"9":0,"10":0,"11":0,"12":0,"13":0},"b":{"0":[0,0],"1":[0,0],"2":[0,0]},"_coverageSchema":"1a1c01bbd47fc00a2c39e90264f33305004495a9","hash":"148a94d9cc26c0d78a41ad1b3207968e15b55aa6"}
}
