TN:
SF:src/components/alert/alert.tsx
FN:30,Alert
FN:39,(anonymous_1)
FN:40,(anonymous_2)
FN:43,(anonymous_3)
FNF:4
FNH:3
FNDA:1,Alert
FNDA:1,(anonymous_1)
FNDA:0,(anonymous_2)
FNDA:1,(anonymous_3)
DA:39,1
DA:40,1
DA:41,0
DA:43,1
DA:46,1
DA:53,2
LF:6
LH:5
BRDA:31,0,0,1
BRF:1
BRH:1
end_of_record
TN:
SF:src/components/aside/aside.tsx
FN:18,Aside
FNF:1
FNH:1
FNDA:2,Aside
DA:26,2
DA:35,2
LF:2
LH:2
BRDA:19,0,0,2
BRF:1
BRH:1
end_of_record
TN:
SF:src/components/card/card.tsx
FN:20,Card
FN:30,(anonymous_1)
FN:35,(anonymous_2)
FNF:3
FNH:3
FNDA:11,Card
FNDA:1,(anonymous_1)
FNDA:1,(anonymous_2)
DA:28,11
DA:30,11
DA:31,1
DA:32,1
DA:35,11
DA:36,1
DA:37,1
DA:38,1
DA:39,1
DA:43,11
DA:53,3
LF:11
LH:11
BRDA:21,0,0,2
BRDA:38,1,0,1
BRDA:38,1,1,0
BRF:3
BRH:2
end_of_record
TN:
SF:src/components/cardList/cardList.tsx
FN:18,CardList
FN:27,(anonymous_1)
FN:39,(anonymous_2)
FNF:3
FNH:2
FNDA:1,CardList
FNDA:0,(anonymous_1)
FNDA:9,(anonymous_2)
DA:23,1
DA:27,1
DA:30,0
DA:36,1
DA:37,1
DA:39,1
DA:41,9
DA:42,6
DA:44,3
DA:47,9
DA:80,1
DA:93,2
LF:12
LH:11
BRDA:19,0,0,1
BRDA:41,1,0,6
BRDA:41,1,1,3
BRF:3
BRH:3
end_of_record
TN:
SF:src/components/carousel/carousel.tsx
FN:22,Carousel
FN:34,(anonymous_1)
FNF:2
FNH:2
FNDA:1,Carousel
FNDA:9,(anonymous_1)
DA:31,1
DA:34,1
DA:35,9
DA:68,1
DA:86,2
LF:5
LH:5
BRDA:28,0,0,1
BRF:1
BRH:1
end_of_record
TN:
SF:src/components/checkbox/checkbox.tsx
FN:25,Checkbox
FN:41,(anonymous_1)
FN:49,camelize
FN:50,(anonymous_3)
FNF:4
FNH:4
FNDA:3,Checkbox
FNDA:1,(anonymous_1)
FNDA:9,camelize
FNDA:9,(anonymous_3)
DA:35,3
DA:39,3
DA:41,3
DA:44,1
DA:50,9
DA:51,9
DA:55,3
DA:67,2
LF:8
LH:8
BRDA:26,0,0,3
BRDA:27,1,0,3
BRDA:29,2,0,3
BRDA:32,3,0,1
BRDA:51,4,0,9
BRDA:51,4,1,0
BRF:6
BRH:5
end_of_record
TN:
SF:src/components/checkboxGroup/checkboxGroup.tsx
FN:24,CheckboxGroup
FNF:1
FNH:1
FNDA:1,CheckboxGroup
DA:33,1
DA:42,2
LF:2
LH:2
BRDA:25,0,0,1
BRF:1
BRH:1
end_of_record
TN:
SF:src/components/dialog/dialog.tsx
FN:24,Dialog
FN:36,(anonymous_1)
FN:37,(anonymous_2)
FNF:3
FNH:2
FNDA:2,Dialog
FNDA:0,(anonymous_1)
FNDA:1,(anonymous_2)
DA:34,2
DA:36,2
DA:37,2
DA:39,2
DA:64,2
LF:5
LH:5
BRDA:25,0,0,2
BRDA:32,1,0,2
BRF:2
BRH:2
end_of_record
TN:
SF:src/components/footer/footer.tsx
FN:18,Footer
FN:41,(anonymous_1)
FNF:2
FNH:1
FNDA:1,Footer
FNDA:0,(anonymous_1)
DA:23,1
DA:41,0
DA:57,2
LF:3
LH:2
BRDA:19,0,0,1
BRF:1
BRH:1
end_of_record
TN:
SF:src/components/header/header.tsx
FN:19,Header
FNF:1
FNH:1
FNDA:1,Header
DA:25,1
DA:52,2
LF:2
LH:2
BRDA:20,0,0,1
BRF:1
BRH:1
end_of_record
TN:
SF:src/components/loader/loader.tsx
FN:14,Loader
FNF:1
FNH:1
FNDA:1,Loader
DA:19,1
DA:29,2
LF:2
LH:2
BRDA:15,0,0,1
BRF:1
BRH:1
end_of_record
TN:
SF:src/components/logo/logo.tsx
FN:17,Logo
FNF:1
FNH:1
FNDA:3,Logo
DA:25,3
DA:31,4
LF:2
LH:2
BRDA:18,0,0,3
BRDA:19,1,0,2
BRDA:20,2,0,3
BRF:3
BRH:3
end_of_record
TN:
SF:src/components/progress/progress.tsx
FN:18,Progress
FNF:1
FNH:1
FNDA:1,Progress
DA:26,1
DA:42,2
LF:2
LH:2
BRDA:19,0,0,1
BRDA:21,1,0,1
BRDA:22,2,0,1
BRF:3
BRH:3
end_of_record
TN:
SF:src/components/search/search.tsx
FN:25,Search
FN:37,(anonymous_1)
FN:37,(anonymous_2)
FN:37,(anonymous_3)
FNF:4
FNH:1
FNDA:2,Search
FNDA:0,(anonymous_1)
FNDA:0,(anonymous_2)
FNDA:0,(anonymous_3)
DA:32,2
DA:34,2
DA:37,0
DA:44,3
LF:4
LH:3
BRDA:26,0,0,2
BRDA:28,1,0,2
BRF:2
BRH:2
end_of_record
TN:
SF:src/components/select/select.tsx
FN:6,(anonymous_0)
FN:11,(anonymous_1)
FNF:2
FNH:2
FNDA:1,(anonymous_0)
FNDA:3,(anonymous_1)
DA:6,2
DA:9,1
DA:11,1
DA:12,3
DA:15,1
DA:26,2
LF:6
LH:6
BRF:0
BRH:0
end_of_record
TN:
SF:src/components/slider/slider.tsx
FN:33,Slider
FN:47,(anonymous_1)
FN:54,(anonymous_2)
FNF:3
FNH:2
FNDA:1,Slider
FNDA:1,(anonymous_1)
FNDA:0,(anonymous_2)
DA:45,1
DA:47,1
DA:48,1
DA:49,1
DA:52,1
DA:54,0
DA:68,2
LF:7
LH:6
BRDA:34,0,0,1
BRDA:37,1,0,1
BRDA:38,2,0,1
BRDA:39,3,0,1
BRDA:40,4,0,1
BRDA:41,5,0,1
BRF:6
BRH:6
end_of_record
TN:
SF:src/components/staticImg/staticImg.tsx
FN:19,StaticImg
FNF:1
FNH:0
FNDA:0,StaticImg
DA:27,0
DA:30,2
LF:2
LH:1
BRF:0
BRH:0
end_of_record
TN:
SF:src/components/svrnButton/svrnButton.tsx
FN:26,SvrnButton
FNF:1
FNH:1
FNDA:10,SvrnButton
DA:36,10
LF:1
LH:1
BRDA:27,0,0,10
BRDA:29,1,0,10
BRDA:31,2,0,4
BRDA:32,3,0,8
BRDA:33,4,0,6
BRF:5
BRH:5
end_of_record
TN:
SF:src/components/swatch/swatch.tsx
FN:17,Swatch
FNF:1
FNH:1
FNDA:1,Swatch
DA:23,1
DA:33,1
DA:40,2
LF:3
LH:3
BRDA:18,0,0,1
BRF:1
BRH:1
end_of_record
TN:
SF:src/components/switch/switch.tsx
FN:21,Switch
FN:34,(anonymous_1)
FNF:2
FNH:1
FNDA:1,Switch
FNDA:0,(anonymous_1)
DA:30,1
DA:34,0
DA:41,2
LF:3
LH:2
BRDA:22,0,0,1
BRDA:24,1,0,1
BRDA:25,2,0,1
BRF:3
BRH:3
end_of_record
TN:
SF:src/components/textInput/textInput.tsx
FN:6,(anonymous_0)
FN:10,(anonymous_1)
FNF:2
FNH:1
FNDA:2,(anonymous_0)
FNDA:0,(anonymous_1)
DA:6,3
DA:8,2
DA:10,0
DA:16,3
LF:4
LH:3
BRF:0
BRH:0
end_of_record
TN:
SF:src/components/tooltip/tooltip.tsx
FN:17,Tooltip
FNF:1
FNH:1
FNDA:1,Tooltip
DA:24,1
DA:37,2
LF:2
LH:2
BRDA:18,0,0,1
BRDA:19,1,0,1
BRF:2
BRH:2
end_of_record
TN:
SF:src/components/video/video.tsx
FN:16,Video
FNF:1
FNH:0
FNDA:0,Video
DA:22,0
DA:29,1
LF:2
LH:1
BRF:0
BRH:0
end_of_record
TN:
SF:src/pages/styleguide.js
FN:35,Styleguide
FN:42,(anonymous_1)
FN:63,(anonymous_2)
FN:64,(anonymous_3)
FN:100,(anonymous_4)
FN:307,(anonymous_5)
FN:326,(anonymous_6)
FN:327,(anonymous_7)
FN:347,(anonymous_8)
FN:348,(anonymous_9)
FN:349,(anonymous_10)
FN:455,(anonymous_11)
FN:460,(anonymous_12)
FN:465,(anonymous_13)
FNF:14
FNH:0
FNDA:0,Styleguide
FNDA:0,(anonymous_1)
FNDA:0,(anonymous_2)
FNDA:0,(anonymous_3)
FNDA:0,(anonymous_4)
FNDA:0,(anonymous_5)
FNDA:0,(anonymous_6)
FNDA:0,(anonymous_7)
FNDA:0,(anonymous_8)
FNDA:0,(anonymous_9)
FNDA:0,(anonymous_10)
FNDA:0,(anonymous_11)
FNDA:0,(anonymous_12)
FNDA:0,(anonymous_13)
DA:36,0
DA:37,0
DA:38,0
DA:39,0
DA:42,0
DA:43,0
DA:63,0
DA:65,0
DA:66,0
DA:69,0
DA:73,0
DA:74,0
DA:77,0
DA:81,0
DA:85,0
DA:97,0
DA:100,0
DA:307,0
DA:326,0
DA:327,0
DA:347,0
DA:348,0
DA:349,0
DA:455,0
DA:460,0
DA:465,0
LF:26
LH:0
BRDA:65,0,0,0
BRDA:65,0,1,0
BRDA:73,1,0,0
BRDA:73,1,1,0
BRDA:99,2,0,0
BRDA:99,2,1,0
BRF:6
BRH:0
end_of_record
